0 info it worked if it ends with ok
1 verbose cli [ 'f:\\nodejs\\node.exe',
1 verbose cli   'f:\\nodejs\\node_modules\\npm\\bin\\npm-cli.js',
1 verbose cli   'start' ]
2 info using npm@4.1.2
3 info using node@v7.7.3
4 verbose run-script [ 'prestart', 'start', 'poststart' ]
5 info lifecycle todo-api@1.0.0~prestart: todo-api@1.0.0
6 silly lifecycle todo-api@1.0.0~prestart: no script for prestart, continuing
7 info lifecycle todo-api@1.0.0~start: todo-api@1.0.0
8 verbose lifecycle todo-api@1.0.0~start: unsafe-perm in lifecycle true
9 verbose lifecycle todo-api@1.0.0~start: PATH: f:\nvm\v7.7.3\node_modules\npm\bin\node-gyp-bin;F:\projetos\tst\todo-api\node_modules\.bin;C:\Program Files\Docker\Docker\Resources\bin;C:\ProgramData\Oracle\Java\javapath;C:\Windows\system32;C:\Windows;C:\Windows\System32\Wbem;C:\Windows\System32\WindowsPowerShell\v1.0\;C:\Users\rdias\.dnx\bin;C:\Program Files\Microsoft DNX\Dnvm\;C:\Program Files\Microsoft SQL Server\130\Tools\Binn\;C:\Program Files (x86)\Microsoft Emulator Manager\1.0\;C:\Program Files (x86)\Windows Kits\10\Windows Performance Toolkit\;C:\WINDOWS\system32;C:\WINDOWS;C:\WINDOWS\System32\Wbem;C:\WINDOWS\System32\WindowsPowerShell\v1.0\;C:\Program Files\Git LFS;C:\Program Files (x86)\GtkSharp\2.12\bin;C:\Program Files\Git\cmd;f:\nvm;f:\nodejs;C:\Program Files (x86)\NVIDIA Corporation\PhysX\Common;%SystemRoot%\system32;%SystemRoot%;%SystemRoot%\System32\Wbem;%SYSTEMROOT%\System32\WindowsPowerShell\v1.0\;C:\Users\rdias\AppData\Local\Microsoft\WindowsApps;F:\Program Files (x86)\Microsoft VS Code\bin;C:\Users\rdias\AppData\Local\atom\bin;C:\Users\rdias\AppData\Local\Microsoft\WindowsApps;F:\Program Files\CMake\bin;f:\nvm;f:\nodejs;
10 verbose lifecycle todo-api@1.0.0~start: CWD: F:\projetos\tst\todo-api
11 silly lifecycle todo-api@1.0.0~start: Args: [ '/d /s /c', 'node index.js' ]
12 verbose stack Error: kill ENOSYS
12 verbose stack     at exports._errnoException (util.js:1033:11)
12 verbose stack     at process.kill (internal/process.js:188:13)
12 verbose stack     at process.listener (f:\nvm\v7.7.3\node_modules\npm\node_modules\npmlog\node_modules\gauge\node_modules\signal-exit\index.js:95:15)
12 verbose stack     at emitNone (events.js:86:13)
12 verbose stack     at process.emit (events.js:188:7)
12 verbose stack     at processEmit (f:\nvm\v7.7.3\node_modules\npm\node_modules\npmlog\node_modules\gauge\node_modules\signal-exit\index.js:155:32)
12 verbose stack     at Signal.wrap.onsignal (internal/process.js:215:44)
13 verbose cwd F:\projetos\tst\todo-api
14 error Windows_NT 10.0.16176
15 error argv "f:\\nodejs\\node.exe" "f:\\nodejs\\node_modules\\npm\\bin\\npm-cli.js" "start"
16 error node v7.7.3
17 error npm  v4.1.2
18 error code ENOSYS
19 error errno ENOSYS
20 error syscall kill
21 error kill ENOSYS
22 error If you need help, you may report this error at:
22 error     <https://github.com/npm/npm/issues>
23 verbose exit [ 1, true ]
